Copyright 1986-2016 Xilinx, Inc. All Rights Reserved.
-----------------------------------------------------------------------------------------
| Tool Version      : Vivado v.2016.2 (win64) Build 1577090 Thu Jun  2 16:32:40 MDT 2016
| Date              : Sat Dec 03 06:28:02 2016
| Host              : Srivatsa running 64-bit major release  (build 9200)
| Command           : report_clock_utilization -file n4fpga_clock_utilization_routed.rpt
| Design            : n4fpga
| Device            : 7a100t-csg324
| Speed File        : -1  PRODUCTION 1.14 2014-09-11
| Temperature Grade : C
-----------------------------------------------------------------------------------------

Clock Utilization Report

Table of Contents
-----------------
1. Clock Primitive Utilization
2. Global Clock Resources
3. Global Clock Source Details
4. Local Clock Details
5. Clock Regions: Key Resource Utilization
6. Clock Regions : Global Clock Summary
7. Cell Type Counts per Global Clock: Region X0Y1
8. Cell Type Counts per Global Clock: Region X1Y1
9. Cell Type Counts per Global Clock: Region X0Y2
10. Cell Type Counts per Global Clock: Region X1Y2
11. Load Cell Placement Summary for Global Clock g0
12. Load Cell Placement Summary for Global Clock g1
13. Load Cell Placement Summary for Global Clock g2
14. Load Cell Placement Summary for Global Clock g3
15. Load Cell Placement Summary for Global Clock g4
16. Load Cell Placement Summary for Global Clock g5

1. Clock Primitive Utilization
------------------------------

+----------+------+-----------+-----+--------------+--------+
| Type     | Used | Available | LOC | Clock Region | Pblock |
+----------+------+-----------+-----+--------------+--------+
| BUFGCTRL |    6 |        32 |   0 |            0 |      0 |
| BUFH     |    0 |        96 |   0 |            0 |      0 |
| BUFIO    |    0 |        24 |   0 |            0 |      0 |
| BUFMR    |    0 |        12 |   0 |            0 |      0 |
| BUFR     |    0 |        24 |   0 |            0 |      0 |
| MMCM     |    1 |         6 |   0 |            0 |      0 |
| PLL      |    0 |         6 |   0 |            0 |      0 |
+----------+------+-----------+-----+--------------+--------+


2. Global Clock Resources
-------------------------

+-------+-------+-----------------+------------+----------------+--------------+------+-------------------+---------------+-------------+-----------------+--------------+-------------------------------------------+-------------------------------------------------+---------------------------------------------------------+
| GlbID | SrcId | Driver Type/Pin | Constraint | Site           | Clock Region | Root | Clock Delay Group | Clock Regions | Clock Loads | Non-Clock Loads | Clock Period | Clock                                     | Driver Pin                                      | Net                                                     |
+-------+-------+-----------------+------------+----------------+--------------+------+-------------------+---------------+-------------+-----------------+--------------+-------------------------------------------+-------------------------------------------------+---------------------------------------------------------+
| g0    | src0  | BUFG/O          | None       | BUFGCTRL_X0Y17 | n/a          |      |                   |             4 |        3350 |               0 |       10.000 | Multiple                                  | embsys_i/clk_wiz_1/inst/clkout1_buf/O           | embsys_i/clk_wiz_1/inst/clk_out1                        |
| g1    | src1  | BUFG/O          | None       | BUFGCTRL_X0Y0  | n/a          |      |                   |             2 |         238 |               0 |       33.333 | embsys_i/mdm_1/U0/Use_E2.BSCANE2_I/DRCK   | embsys_i/mdm_1/U0/No_Dbg_Reg_Access.BUFG_DRCK/O | embsys_i/mdm_1/U0/Ext_JTAG_DRCK                         |
| g2    | src0  | BUFG/O          | None       | BUFGCTRL_X0Y16 | n/a          |      |                   |             1 |         236 |               0 |       20.000 | Multiple                                  | embsys_i/clk_wiz_1/inst/clkout2_buf/O           | embsys_i/clk_wiz_1/inst/clk_out2                        |
| g3    | src1  | BUFG/O          | None       | BUFGCTRL_X0Y1  | n/a          |      |                   |             2 |          39 |               0 |       33.333 | embsys_i/mdm_1/U0/Use_E2.BSCANE2_I/UPDATE | embsys_i/mdm_1/U0/Ext_JTAG_UPDATE_BUFG_inst/O   | embsys_i/mdm_1/U0/Ext_JTAG_UPDATE                       |
| g4    | src0  | BUFG/O          | None       | BUFGCTRL_X0Y18 | n/a          |      |                   |             1 |          18 |               0 |       10.000 | Multiple                                  | embsys_i/clk_wiz_1/inst/clkout3_buf/O           | embsys_i/clk_wiz_1/inst/clk_out3                        |
| g5    | src0  | BUFG/O          | None       | BUFGCTRL_X0Y19 | n/a          |      |                   |             1 |           1 |               0 |       10.000 | Multiple                                  | embsys_i/clk_wiz_1/inst/clkf_buf/O              | embsys_i/clk_wiz_1/inst/clkfbout_buf_embsys_clk_wiz_1_0 |
+-------+-------+-----------------+------------+----------------+--------------+------+-------------------+---------------+-------------+-----------------+--------------+-------------------------------------------+-------------------------------------------------+---------------------------------------------------------+
* Note: Multiple constraint types applied to the driver. Please check for potential conflicts.


3. Global Clock Source Details
------------------------------

+-------+--------+---------------------+------------+-----------------+--------------+-------------+-----------------+---------------------+-------------------------------------------+------------------------------------------------+-----------------------------------------------------+
| SrcID | GlbIDs | Driver Type/Pin     | Constraint | Site            | Clock Region | Clock Loads | Non-Clock Loads | Source Clock Period | Source Clock                              | Driver Pin                                     | Net                                                 |
+-------+--------+---------------------+------------+-----------------+--------------+-------------+-----------------+---------------------+-------------------------------------------+------------------------------------------------+-----------------------------------------------------+
| src0  | g0     | MMCME2_ADV/CLKOUT0  | None       | MMCME2_ADV_X1Y2 | X1Y2         |           0 |               1 |              10.000 | Multiple                                  | embsys_i/clk_wiz_1/inst/mmcm_adv_inst/CLKOUT0  | embsys_i/clk_wiz_1/inst/clk_out1_embsys_clk_wiz_1_0 |
| src0  | g2     | MMCME2_ADV/CLKOUT1  | None       | MMCME2_ADV_X1Y2 | X1Y2         |           0 |               1 |              20.000 | Multiple                                  | embsys_i/clk_wiz_1/inst/mmcm_adv_inst/CLKOUT1  | embsys_i/clk_wiz_1/inst/clk_out2_embsys_clk_wiz_1_0 |
| src0  | g4     | MMCME2_ADV/CLKOUT2  | None       | MMCME2_ADV_X1Y2 | X1Y2         |           0 |               1 |              10.000 | Multiple                                  | embsys_i/clk_wiz_1/inst/mmcm_adv_inst/CLKOUT2  | embsys_i/clk_wiz_1/inst/clk_out3_embsys_clk_wiz_1_0 |
| src0  | g5     | MMCME2_ADV/CLKFBOUT | None       | MMCME2_ADV_X1Y2 | X1Y2         |           0 |               1 |              10.000 | Multiple                                  | embsys_i/clk_wiz_1/inst/mmcm_adv_inst/CLKFBOUT | embsys_i/clk_wiz_1/inst/clkfbout_embsys_clk_wiz_1_0 |
| src1  | g3     | BSCANE2/UPDATE      | None       | BSCAN_X0Y1      | X0Y1         |           0 |               1 |              33.333 | embsys_i/mdm_1/U0/Use_E2.BSCANE2_I/UPDATE | embsys_i/mdm_1/U0/Use_E2.BSCANE2_I/UPDATE      | embsys_i/mdm_1/U0/Ext_JTAG_UPDATE__0                |
| src1  | g1     | BSCANE2/DRCK        | None       | BSCAN_X0Y1      | X0Y1         |           0 |               1 |              33.333 | embsys_i/mdm_1/U0/Use_E2.BSCANE2_I/DRCK   | embsys_i/mdm_1/U0/Use_E2.BSCANE2_I/DRCK        | embsys_i/mdm_1/U0/I                                 |
+-------+--------+---------------------+------------+-----------------+--------------+-------------+-----------------+---------------------+-------------------------------------------+------------------------------------------------+-----------------------------------------------------+
* Note: Multiple constraint types applied to the driver. Please check for potential conflicts.


4. Local Clock Details
----------------------

+-------+-----------------+------------+----------+--------------+-------------+-----------------+--------------+-------+------------+-----+
| LocId | Driver Type/Pin | Constraint | Site/BEL | Clock Region | Clock Loads | Non-Clock Loads | Clock Period | Clock | Driver Pin | Net |
+-------+-----------------+------------+----------+--------------+-------------+-----------------+--------------+-------+------------+-----+
* Note: Multiple constraint types applied to the driver. Please check for potential conflicts.


5. Clock Regions: Key Resource Utilization
------------------------------------------

+-------------------+--------------+--------------+--------------+--------------+--------------+--------------+--------------+--------------+--------------+--------------+--------------+--------------+--------------+--------------+--------------+
|                   | Global Clock |     BUFRs    |    BUFMRs    |    BUFIOs    |     MMCM     |      PLL     |      GT      |      PCI     |    ILOGIC    |    OLOGIC    |      FF      |     LUTM     |    RAMB18    |    RAMB36    |    DSP48E2   |
+-------------------+------+-------+------+-------+------+-------+------+-------+------+-------+------+-------+------+-------+------+-------+------+-------+------+-------+------+-------+------+-------+------+-------+------+-------+------+-------+
| Clock Region Name | Used | Avail | Used | Avail | Used | Avail | Used | Avail | Used | Avail | Used | Avail | Used | Avail | Used | Avail | Used | Avail | Used | Avail | Used | Avail | Used | Avail | Used | Avail | Used | Avail | Used | Avail |
+-------------------+------+-------+------+-------+------+-------+------+-------+------+-------+------+-------+------+-------+------+-------+------+-------+------+-------+------+-------+------+-------+------+-------+------+-------+------+-------+
| X0Y0              |    0 |    12 |    0 |     4 |    0 |     2 |    0 |     4 |    0 |     1 |    0 |     1 |    0 |     0 |    0 |     0 |    0 |    50 |    0 |    50 |    0 | 20800 |    0 |  2400 |    0 |     0 |    0 |    10 |    0 |    20 |
| X1Y0              |    0 |    12 |    0 |     0 |    0 |     0 |    0 |     0 |    0 |     0 |    0 |     0 |    0 |     5 |    0 |     0 |    0 |     0 |    0 |     0 |    0 | 12000 |    0 |  2200 |    0 |     0 |    0 |    20 |    0 |    40 |
| X0Y1              |    2 |    12 |    0 |     4 |    0 |     2 |    0 |     4 |    0 |     1 |    0 |     1 |    0 |     0 |    0 |     0 |    0 |    50 |    0 |    50 |  519 | 16000 |   10 |  2400 |    0 |     0 |    3 |    10 |    0 |    20 |
| X1Y1              |    3 |    12 |    0 |     4 |    0 |     2 |    0 |     4 |    0 |     1 |    0 |     1 |    0 |     0 |    0 |     0 |    0 |    50 |    0 |    50 |  419 | 15200 |   50 |  2600 |    0 |     0 |   18 |    30 |    0 |    40 |
| X0Y2              |    2 |    12 |    0 |     4 |    0 |     2 |    0 |     4 |    0 |     1 |    0 |     1 |    0 |     0 |    0 |     0 |    2 |    50 |    1 |    50 | 1237 | 16000 |  109 |  2400 |    0 |     0 |    0 |    10 |    0 |    20 |
| X1Y2              |    4 |    12 |    0 |     4 |    0 |     2 |    0 |     4 |    1 |     1 |    0 |     1 |    0 |     0 |    0 |     0 |    0 |    50 |    0 |    50 |  573 | 15200 |   58 |  2600 |    0 |     0 |   11 |    30 |    0 |    40 |
| X0Y3              |    0 |    12 |    0 |     4 |    0 |     2 |    0 |     4 |    0 |     1 |    0 |     1 |    0 |     0 |    0 |     0 |    0 |    50 |    0 |    50 |    0 | 20800 |    0 |  2400 |    0 |     0 |    0 |    10 |    0 |    20 |
| X1Y3              |    0 |    12 |    0 |     0 |    0 |     0 |    0 |     0 |    0 |     0 |    0 |     0 |    0 |     5 |    0 |     0 |    0 |     0 |    0 |     0 |    0 | 10800 |    0 |  2000 |    0 |     0 |    0 |    15 |    0 |    40 |
+-------------------+------+-------+------+-------+------+-------+------+-------+------+-------+------+-------+------+-------+------+-------+------+-------+------+-------+------+-------+------+-------+------+-------+------+-------+------+-------+
* Used Global Clocks includes only global clock resources based on load placement but does not consider global clock resources used to traverse a clock region. Therefore the actual total of Used Global Clocks may be higher.
** RAMB36 site can be used as two RAMB18/FIFO18 sites.


6. Clock Regions : Global Clock Summary
---------------------------------------

+----+----+----+
|    | X0 | X1 |
+----+----+----+
| Y3 |  0 |  0 |
| Y2 |  2 |  4 |
| Y1 |  2 |  3 |
| Y0 |  0 |  0 |
+----+----+----+
* Used Global Clocks includes only global clock resources based on load placement but does not consider global clock resources used to traverse a clock region. Therefore the actual total of Used Global Clocks may be higher.


7. Cell Type Counts per Global Clock: Region X0Y1
-------------------------------------------------

+-------+-------+-----------------+------------+-------------+-----------------+-----+--------+------+-----+----+------+-----+---------+----------------------------------+
| GlbID | Track | Driver Type/Pin | Constraint | Clock Loads | Non-Clock Loads | FF  | LUTRAM | RAMB | DSP | GT | MMCM | PLL | Hard IP | Net                              |
+-------+-------+-----------------+------------+-------------+-----------------+-----+--------+------+-----+----+------+-----+---------+----------------------------------+
| g0    | n/a   | BUFG/O          | None       |           0 |             504 | 501 |     10 |    3 |   0 |  0 |    0 |   0 |       0 | embsys_i/clk_wiz_1/inst/clk_out1 |
| g4    | n/a   | BUFG/O          | None       |           0 |              18 |  18 |      0 |    0 |   0 |  0 |    0 |   0 |       0 | embsys_i/clk_wiz_1/inst/clk_out3 |
+-------+-------+-----------------+------------+-------------+-----------------+-----+--------+------+-----+----+------+-----+---------+----------------------------------+
* Note: Multiple constraint types applied to the driver. Please check for potential conflicts.


8. Cell Type Counts per Global Clock: Region X1Y1
-------------------------------------------------

+-------+-------+-----------------+------------+-------------+-----------------+-----+--------+------+-----+----+------+-----+---------+-----------------------------------+
| GlbID | Track | Driver Type/Pin | Constraint | Clock Loads | Non-Clock Loads | FF  | LUTRAM | RAMB | DSP | GT | MMCM | PLL | Hard IP | Net                               |
+-------+-------+-----------------+------------+-------------+-----------------+-----+--------+------+-----+----+------+-----+---------+-----------------------------------+
| g0    | n/a   | BUFG/O          | None       |           0 |             366 | 347 |     46 |   18 |   0 |  0 |    0 |   0 |       0 | embsys_i/clk_wiz_1/inst/clk_out1  |
| g1    | n/a   | BUFG/O          | None       |           0 |              65 |  65 |      5 |    0 |   0 |  0 |    0 |   0 |       0 | embsys_i/mdm_1/U0/Ext_JTAG_DRCK   |
| g3    | n/a   | BUFG/O          | None       |           0 |               9 |   9 |      1 |    0 |   0 |  0 |    0 |   0 |       0 | embsys_i/mdm_1/U0/Ext_JTAG_UPDATE |
+-------+-------+-----------------+------------+-------------+-----------------+-----+--------+------+-----+----+------+-----+---------+-----------------------------------+
* Note: Multiple constraint types applied to the driver. Please check for potential conflicts.


9. Cell Type Counts per Global Clock: Region X0Y2
-------------------------------------------------

+-------+-------+-----------------+------------+-------------+-----------------+------+--------+------+-----+----+------+-----+---------+----------------------------------+
| GlbID | Track | Driver Type/Pin | Constraint | Clock Loads | Non-Clock Loads | FF   | LUTRAM | RAMB | DSP | GT | MMCM | PLL | Hard IP | Net                              |
+-------+-------+-----------------+------------+-------------+-----------------+------+--------+------+-----+----+------+-----+---------+----------------------------------+
| g0    | n/a   | BUFG/O          | None       |           0 |            1045 | 1045 |     98 |    0 |   0 |  0 |    0 |   0 |       0 | embsys_i/clk_wiz_1/inst/clk_out1 |
| g2    | n/a   | BUFG/O          | None       |           0 |             197 |  194 |     13 |    0 |   0 |  0 |    0 |   0 |       0 | embsys_i/clk_wiz_1/inst/clk_out2 |
+-------+-------+-----------------+------------+-------------+-----------------+------+--------+------+-----+----+------+-----+---------+----------------------------------+
* Note: Multiple constraint types applied to the driver. Please check for potential conflicts.


10. Cell Type Counts per Global Clock: Region X1Y2
--------------------------------------------------

+-------+-------+-----------------+------------+-------------+-----------------+-----+--------+------+-----+----+------+-----+---------+---------------------------------------------------------+
| GlbID | Track | Driver Type/Pin | Constraint | Clock Loads | Non-Clock Loads | FF  | LUTRAM | RAMB | DSP | GT | MMCM | PLL | Hard IP | Net                                                     |
+-------+-------+-----------------+------------+-------------+-----------------+-----+--------+------+-----+----+------+-----+---------+---------------------------------------------------------+
| g0    | n/a   | BUFG/O          | None       |           0 |             451 | 440 |     38 |   11 |   0 |  0 |    0 |   0 |       0 | embsys_i/clk_wiz_1/inst/clk_out1                        |
| g1    | n/a   | BUFG/O          | None       |           0 |             119 | 119 |     21 |    0 |   0 |  0 |    0 |   0 |       0 | embsys_i/mdm_1/U0/Ext_JTAG_DRCK                         |
| g3    | n/a   | BUFG/O          | None       |           0 |              17 |  17 |      2 |    0 |   0 |  0 |    0 |   0 |       0 | embsys_i/mdm_1/U0/Ext_JTAG_UPDATE                       |
| g5    | n/a   | BUFG/O          | None       |           1 |               0 |   0 |      0 |    0 |   0 |  0 |    1 |   0 |       0 | embsys_i/clk_wiz_1/inst/clkfbout_buf_embsys_clk_wiz_1_0 |
+-------+-------+-----------------+------------+-------------+-----------------+-----+--------+------+-----+----+------+-----+---------+---------------------------------------------------------+
* Note: Multiple constraint types applied to the driver. Please check for potential conflicts.


11. Load Cell Placement Summary for Global Clock g0
---------------------------------------------------

+-------+-----------------+-------------------+----------+-------------+---------------+----------+-------------+----------+-------------+----+----------------------------------+
| GlbID | Driver Type/Pin | Driver Region (D) | Clock    | Period (ns) | Waveform (ns) | Root (R) | Slice Loads | IO Loads | Clock Loads | GT | Net                              |
+-------+-----------------+-------------------+----------+-------------+---------------+----------+-------------+----------+-------------+----+----------------------------------+
| g0    | BUFG/O          | n/a               | Multiple |      10.000 | {0.000 5.000} |          |        2366 |        0 |           0 |  0 | embsys_i/clk_wiz_1/inst/clk_out1 |
+-------+-----------------+-------------------+----------+-------------+---------------+----------+-------------+----------+-------------+----+----------------------------------+


+----+-------+------+
|    | X0    | X1   |
+----+-------+------+
| Y3 |     0 |    0 |
| Y2 |  1045 |  451 |
| Y1 |   504 |  366 |
| Y0 |     0 |    0 |
+----+-------+------+


12. Load Cell Placement Summary for Global Clock g1
---------------------------------------------------

+-------+-----------------+-------------------+-----------------------------------------+-------------+----------------+----------+-------------+----------+-------------+----+---------------------------------+
| GlbID | Driver Type/Pin | Driver Region (D) | Clock                                   | Period (ns) | Waveform (ns)  | Root (R) | Slice Loads | IO Loads | Clock Loads | GT | Net                             |
+-------+-----------------+-------------------+-----------------------------------------+-------------+----------------+----------+-------------+----------+-------------+----+---------------------------------+
| g1    | BUFG/O          | n/a               | embsys_i/mdm_1/U0/Use_E2.BSCANE2_I/DRCK |      33.333 | {0.000 16.667} |          |         184 |        0 |           0 |  0 | embsys_i/mdm_1/U0/Ext_JTAG_DRCK |
+-------+-----------------+-------------------+-----------------------------------------+-------------+----------------+----------+-------------+----------+-------------+----+---------------------------------+


+----+----+------+
|    | X0 | X1   |
+----+----+------+
| Y3 |  0 |    0 |
| Y2 |  0 |  119 |
| Y1 |  0 |   65 |
| Y0 |  0 |    0 |
+----+----+------+


13. Load Cell Placement Summary for Global Clock g2
---------------------------------------------------

+-------+-----------------+-------------------+----------+-------------+----------------+----------+-------------+----------+-------------+----+----------------------------------+
| GlbID | Driver Type/Pin | Driver Region (D) | Clock    | Period (ns) | Waveform (ns)  | Root (R) | Slice Loads | IO Loads | Clock Loads | GT | Net                              |
+-------+-----------------+-------------------+----------+-------------+----------------+----------+-------------+----------+-------------+----+----------------------------------+
| g2    | BUFG/O          | n/a               | Multiple |      20.000 | {0.000 10.000} |          |         197 |        0 |           0 |  0 | embsys_i/clk_wiz_1/inst/clk_out2 |
+-------+-----------------+-------------------+----------+-------------+----------------+----------+-------------+----------+-------------+----+----------------------------------+


+----+------+----+
|    | X0   | X1 |
+----+------+----+
| Y3 |    0 |  0 |
| Y2 |  197 |  0 |
| Y1 |    0 |  0 |
| Y0 |    0 |  0 |
+----+------+----+


14. Load Cell Placement Summary for Global Clock g3
---------------------------------------------------

+-------+-----------------+-------------------+-------------------------------------------+-------------+----------------+----------+-------------+----------+-------------+----+-----------------------------------+
| GlbID | Driver Type/Pin | Driver Region (D) | Clock                                     | Period (ns) | Waveform (ns)  | Root (R) | Slice Loads | IO Loads | Clock Loads | GT | Net                               |
+-------+-----------------+-------------------+-------------------------------------------+-------------+----------------+----------+-------------+----------+-------------+----+-----------------------------------+
| g3    | BUFG/O          | n/a               | embsys_i/mdm_1/U0/Use_E2.BSCANE2_I/UPDATE |      33.333 | {0.000 16.667} |          |          26 |        0 |           0 |  0 | embsys_i/mdm_1/U0/Ext_JTAG_UPDATE |
+-------+-----------------+-------------------+-------------------------------------------+-------------+----------------+----------+-------------+----------+-------------+----+-----------------------------------+


+----+----+-----+
|    | X0 | X1  |
+----+----+-----+
| Y3 |  0 |   0 |
| Y2 |  0 |  17 |
| Y1 |  0 |   9 |
| Y0 |  0 |   0 |
+----+----+-----+


15. Load Cell Placement Summary for Global Clock g4
---------------------------------------------------

+-------+-----------------+-------------------+----------+-------------+---------------+----------+-------------+----------+-------------+----+----------------------------------+
| GlbID | Driver Type/Pin | Driver Region (D) | Clock    | Period (ns) | Waveform (ns) | Root (R) | Slice Loads | IO Loads | Clock Loads | GT | Net                              |
+-------+-----------------+-------------------+----------+-------------+---------------+----------+-------------+----------+-------------+----+----------------------------------+
| g4    | BUFG/O          | n/a               | Multiple |      10.000 | {0.000 5.000} |          |          18 |        0 |           0 |  0 | embsys_i/clk_wiz_1/inst/clk_out3 |
+-------+-----------------+-------------------+----------+-------------+---------------+----------+-------------+----------+-------------+----+----------------------------------+


+----+-----+----+
|    | X0  | X1 |
+----+-----+----+
| Y3 |   0 |  0 |
| Y2 |   0 |  0 |
| Y1 |  18 |  0 |
| Y0 |   0 |  0 |
+----+-----+----+


16. Load Cell Placement Summary for Global Clock g5
---------------------------------------------------

+-------+-----------------+-------------------+----------+-------------+---------------+----------+-------------+----------+-------------+----+---------------------------------------------------------+
| GlbID | Driver Type/Pin | Driver Region (D) | Clock    | Period (ns) | Waveform (ns) | Root (R) | Slice Loads | IO Loads | Clock Loads | GT | Net                                                     |
+-------+-----------------+-------------------+----------+-------------+---------------+----------+-------------+----------+-------------+----+---------------------------------------------------------+
| g5    | BUFG/O          | n/a               | Multiple |      10.000 | {0.000 5.000} |          |           0 |        0 |           1 |  0 | embsys_i/clk_wiz_1/inst/clkfbout_buf_embsys_clk_wiz_1_0 |
+-------+-----------------+-------------------+----------+-------------+---------------+----------+-------------+----------+-------------+----+---------------------------------------------------------+


+----+----+----+
|    | X0 | X1 |
+----+----+----+
| Y3 |  0 |  0 |
| Y2 |  0 |  1 |
| Y1 |  0 |  0 |
| Y0 |  0 |  0 |
+----+----+----+



# Location of BUFG Primitives 
set_property LOC BUFGCTRL_X0Y1 [get_cells embsys_i/mdm_1/U0/Ext_JTAG_UPDATE_BUFG_inst]
set_property LOC BUFGCTRL_X0Y0 [get_cells embsys_i/mdm_1/U0/No_Dbg_Reg_Access.BUFG_DRCK]
set_property LOC BUFGCTRL_X0Y19 [get_cells embsys_i/clk_wiz_1/inst/clkf_buf]
set_property LOC BUFGCTRL_X0Y18 [get_cells embsys_i/clk_wiz_1/inst/clkout3_buf]
set_property LOC BUFGCTRL_X0Y16 [get_cells embsys_i/clk_wiz_1/inst/clkout2_buf]
set_property LOC BUFGCTRL_X0Y17 [get_cells embsys_i/clk_wiz_1/inst/clkout1_buf]

# Location of IO Primitives which is load of clock spine

# Location of clock ports
set_property LOC IOB_X1Y126 [get_ports clk]

# Clock net "embsys_i/mdm_1/U0/Ext_JTAG_UPDATE" driven by instance "embsys_i/mdm_1/U0/Ext_JTAG_UPDATE_BUFG_inst" located at site "BUFGCTRL_X0Y1"
#startgroup
create_pblock {CLKAG_embsys_i/mdm_1/U0/Ext_JTAG_UPDATE}
add_cells_to_pblock [get_pblocks  {CLKAG_embsys_i/mdm_1/U0/Ext_JTAG_UPDATE}] [get_cells -filter { PRIMITIVE_GROUP != I/O && IS_PRIMITIVE==1 && PRIMITIVE_LEVEL !=INTERNAL } -of_object [get_pins -filter {DIRECTION==IN} -of_objects [get_nets -hierarchical -filter {PARENT=="embsys_i/mdm_1/U0/Ext_JTAG_UPDATE"}]]]
resize_pblock [get_pblocks {CLKAG_embsys_i/mdm_1/U0/Ext_JTAG_UPDATE}] -add {CLOCKREGION_X1Y1:CLOCKREGION_X1Y1 CLOCKREGION_X1Y2:CLOCKREGION_X1Y2}
#endgroup

# Clock net "embsys_i/mdm_1/U0/Ext_JTAG_DRCK" driven by instance "embsys_i/mdm_1/U0/No_Dbg_Reg_Access.BUFG_DRCK" located at site "BUFGCTRL_X0Y0"
#startgroup
create_pblock {CLKAG_embsys_i/mdm_1/U0/Ext_JTAG_DRCK}
add_cells_to_pblock [get_pblocks  {CLKAG_embsys_i/mdm_1/U0/Ext_JTAG_DRCK}] [get_cells -filter { PRIMITIVE_GROUP != I/O && IS_PRIMITIVE==1 && PRIMITIVE_LEVEL !=INTERNAL } -of_object [get_pins -filter {DIRECTION==IN} -of_objects [get_nets -hierarchical -filter {PARENT=="embsys_i/mdm_1/U0/Ext_JTAG_DRCK"}]]]
resize_pblock [get_pblocks {CLKAG_embsys_i/mdm_1/U0/Ext_JTAG_DRCK}] -add {CLOCKREGION_X1Y1:CLOCKREGION_X1Y1 CLOCKREGION_X1Y2:CLOCKREGION_X1Y2}
#endgroup

# Clock net "embsys_i/clk_wiz_1/inst/clk_out3" driven by instance "embsys_i/clk_wiz_1/inst/clkout3_buf" located at site "BUFGCTRL_X0Y18"
#startgroup
create_pblock {CLKAG_embsys_i/clk_wiz_1/inst/clk_out3}
add_cells_to_pblock [get_pblocks  {CLKAG_embsys_i/clk_wiz_1/inst/clk_out3}] [get_cells -filter { PRIMITIVE_GROUP != I/O && IS_PRIMITIVE==1 && PRIMITIVE_LEVEL !=INTERNAL } -of_object [get_pins -filter {DIRECTION==IN} -of_objects [get_nets -hierarchical -filter {PARENT=="embsys_i/clk_wiz_1/inst/clk_out3"}]]]
resize_pblock [get_pblocks {CLKAG_embsys_i/clk_wiz_1/inst/clk_out3}] -add {CLOCKREGION_X0Y1:CLOCKREGION_X0Y1}
#endgroup

# Clock net "embsys_i/clk_wiz_1/inst/clk_out2" driven by instance "embsys_i/clk_wiz_1/inst/clkout2_buf" located at site "BUFGCTRL_X0Y16"
#startgroup
create_pblock {CLKAG_embsys_i/clk_wiz_1/inst/clk_out2}
add_cells_to_pblock [get_pblocks  {CLKAG_embsys_i/clk_wiz_1/inst/clk_out2}] [get_cells -filter { PRIMITIVE_GROUP != I/O && IS_PRIMITIVE==1 && PRIMITIVE_LEVEL !=INTERNAL } -of_object [get_pins -filter {DIRECTION==IN} -of_objects [get_nets -hierarchical -filter {PARENT=="embsys_i/clk_wiz_1/inst/clk_out2"}]]]
resize_pblock [get_pblocks {CLKAG_embsys_i/clk_wiz_1/inst/clk_out2}] -add {CLOCKREGION_X0Y2:CLOCKREGION_X0Y2}
#endgroup

# Clock net "embsys_i/clk_wiz_1/inst/clk_out1" driven by instance "embsys_i/clk_wiz_1/inst/clkout1_buf" located at site "BUFGCTRL_X0Y17"
#startgroup
create_pblock {CLKAG_embsys_i/clk_wiz_1/inst/clk_out1}
add_cells_to_pblock [get_pblocks  {CLKAG_embsys_i/clk_wiz_1/inst/clk_out1}] [get_cells -filter { PRIMITIVE_GROUP != I/O && IS_PRIMITIVE==1 && PRIMITIVE_LEVEL !=INTERNAL } -of_object [get_pins -filter {DIRECTION==IN} -of_objects [get_nets -hierarchical -filter {PARENT=="embsys_i/clk_wiz_1/inst/clk_out1"}]]]
resize_pblock [get_pblocks {CLKAG_embsys_i/clk_wiz_1/inst/clk_out1}] -add {CLOCKREGION_X0Y1:CLOCKREGION_X0Y1 CLOCKREGION_X0Y2:CLOCKREGION_X0Y2 CLOCKREGION_X1Y1:CLOCKREGION_X1Y1 CLOCKREGION_X1Y2:CLOCKREGION_X1Y2}
#endgroup
